2021-07-19 19:33:25,753:INFO:PyCaret Supervised Module
2021-07-19 19:33:25,753:INFO:ML Usecase: classification
2021-07-19 19:33:25,753:INFO:version 2.3.1
2021-07-19 19:33:25,754:INFO:Initializing setup()
2021-07-19 19:33:25,754:INFO:setup(target=Attrition_Flag, ml_usecase=classification, available_plots={'parameter': 'Hyperparameters', 'auc': 'AUC', 'confusion_matrix': 'Confusion Matrix', 'threshold': 'Threshold', 'pr': 'Precision Recall', 'error': 'Prediction Error', 'class_report': 'Class Report', 'rfe': 'Feature Selection', 'learning': 'Learning Curve', 'manifold': 'Manifold Learning', 'calibration': 'Calibration Curve', 'vc': 'Validation Curve', 'dimension': 'Dimensions', 'feature': 'Feature Importance', 'feature_all': 'Feature Importance (All)', 'boundary': 'Decision Boundary', 'lift': 'Lift Chart', 'gain': 'Gain Chart', 'tree': 'Decision Tree', 'ks': 'KS Statistic Plot'}, train_size=0.7, test_data=None, preprocess=True, imputation_type=simple, iterative_imputation_iters=5, categorical_features=None, categorical_imputation=constant, categorical_iterative_imputer=lightgbm, ordinal_features=None, high_cardinality_features=None, high_cardinality_method=frequency, numeric_features=None, numeric_imputation=mean, numeric_iterative_imputer=lightgbm, date_features=None, ignore_features=None, normalize=False, normalize_method=zscore, transformation=False, transformation_method=yeo-johnson, handle_unknown_categorical=True, unknown_categorical_method=least_frequent, pca=False, pca_method=linear, pca_components=None, ignore_low_variance=False, combine_rare_levels=False, rare_level_threshold=0.1, bin_numeric_features=None, remove_outliers=False, outliers_threshold=0.05, remove_multicollinearity=False, multicollinearity_threshold=0.9, remove_perfect_collinearity=True, create_clusters=False, cluster_iter=20, polynomial_features=False, polynomial_degree=2, trigonometry_features=False, polynomial_threshold=0.1, group_features=None, group_names=None, feature_selection=False, feature_selection_threshold=0.8, feature_selection_method=classic, feature_interaction=False, feature_ratio=False, interaction_threshold=0.01, fix_imbalance=False, fix_imbalance_method=None, transform_target=False, transform_target_method=box-cox, data_split_shuffle=True, data_split_stratify=False, fold_strategy=stratifiedkfold, fold=10, fold_shuffle=False, fold_groups=None, n_jobs=-1, use_gpu=False, custom_pipeline=None, html=True, session_id=None, log_experiment=False, experiment_name=None, log_plots=False, log_profile=False, log_data=False, silent=False, verbose=True, profile=False, profile_kwargs=None, display=None)
2021-07-19 19:33:25,754:INFO:Checking environment
2021-07-19 19:33:25,754:INFO:python_version: 3.8.8
2021-07-19 19:33:25,755:INFO:python_build: ('default', 'Apr 13 2021 15:08:03')
2021-07-19 19:33:25,755:INFO:machine: AMD64
2021-07-19 19:33:25,755:INFO:platform: Windows-10-10.0.19041-SP0
2021-07-19 19:33:25,755:INFO:Memory: svmem(total=17014448128, available=8734064640, percent=48.7, used=8280383488, free=8734064640)
2021-07-19 19:33:25,755:INFO:Physical Core: 4
2021-07-19 19:33:25,756:INFO:Logical Core: 8
2021-07-19 19:33:25,756:INFO:Checking libraries
2021-07-19 19:33:25,756:INFO:pd==1.2.4
2021-07-19 19:33:25,756:INFO:numpy==1.19.5
2021-07-19 19:33:25,756:INFO:sklearn==0.23.2
2021-07-19 19:33:25,756:INFO:lightgbm==3.2.1
2021-07-19 19:33:26,000:INFO:catboost==0.26
2021-07-19 19:33:26,044:INFO:xgboost==1.4.2
2021-07-19 19:33:28,079:INFO:mlflow==1.18.0
2021-07-19 19:33:28,080:INFO:Checking Exceptions
2021-07-19 19:33:28,080:INFO:Declaring global variables
2021-07-19 19:33:28,080:INFO:USI: 788d
2021-07-19 19:33:28,080:INFO:pycaret_globals: {'iterative_imputation_iters_param', 'imputation_classifier', 'fold_param', 'transform_target_param', '_all_models', 'fold_groups_param_full', '_available_plots', 'USI', 'prep_pipe', 'target_param', 'imputation_regressor', '_ml_usecase', '_all_metrics', 'fold_groups_param', 'X_test', 'X', 'seed', 'gpu_param', 'fold_shuffle_param', 'master_model_container', 'X_train', 'transform_target_method_param', 'y_train', 'n_jobs_param', 'data_before_preprocess', 'exp_name_log', 'log_plots_param', '_gpu_n_jobs_param', '_all_models_internal', 'stratify_param', 'experiment__', 'create_model_container', 'pycaret_globals', 'fold_generator', 'y_test', 'html_param', 'display_container', 'fix_imbalance_param', 'y', 'logging_param', 'fix_imbalance_method_param', '_internal_pipeline'}
2021-07-19 19:33:28,080:INFO:Preparing display monitor
2021-07-19 19:33:28,081:INFO:Preparing display monitor
2021-07-19 19:33:28,115:INFO:Importing libraries
2021-07-19 19:33:28,115:INFO:Copying data for preprocessing
2021-07-19 19:33:28,135:INFO:Declaring preprocessing parameters
2021-07-19 19:33:28,143:INFO:Creating preprocessing pipeline
2021-07-19 19:33:28,235:INFO:Preprocessing pipeline created successfully
2021-07-19 19:33:28,235:ERROR:(Process Exit): setup has been interupted with user command 'quit'. setup must rerun.
2021-07-19 19:33:28,235:INFO:Creating global containers
2021-07-19 19:33:28,237:INFO:Internal pipeline: Pipeline(memory=None, steps=[('empty_step', 'passthrough')], verbose=False)
2021-07-19 19:33:32,678:INFO:Creating grid variables
2021-07-19 19:33:32,764:INFO:create_model_container: 0
2021-07-19 19:33:32,764:INFO:master_model_container: 0
2021-07-19 19:33:32,765:INFO:display_container: 1
2021-07-19 19:33:32,781:INFO:Pipeline(memory=None,
         steps=[('dtypes',
                 DataTypes_Auto_infer(categorical_features=[],
                                      display_types=True, features_todrop=[],
                                      id_columns=[],
                                      ml_usecase='classification',
                                      numerical_features=[],
                                      target='Attrition_Flag',
                                      time_features=[])),
                ('imputer',
                 Simple_Imputer(categorical_strategy='not_available',
                                fill_value_categorical=None,
                                fill_value_numerical=None,
                                numer...
                ('scaling', 'passthrough'), ('P_transform', 'passthrough'),
                ('binn', 'passthrough'), ('rem_outliers', 'passthrough'),
                ('cluster_all', 'passthrough'),
                ('dummy', Dummify(target='Attrition_Flag')),
                ('fix_perfect', Remove_100(target='Attrition_Flag')),
                ('clean_names', Clean_Colum_Names()),
                ('feature_select', 'passthrough'), ('fix_multi', 'passthrough'),
                ('dfs', 'passthrough'), ('pca', 'passthrough')],
         verbose=False)
2021-07-19 19:33:32,781:INFO:setup() succesfully completed......................................
2021-07-19 19:34:01,593:INFO:Initializing compare_models()
2021-07-19 19:34:01,593:INFO:compare_models(include=None, fold=None, round=4, cross_validation=True, sort=AUC, n_select=1, budget_time=None, turbo=True, errors=ignore, fit_kwargs=None, groups=None, verbose=True, display=None, exclude=None)
2021-07-19 19:34:01,593:INFO:Checking exceptions
2021-07-19 19:34:01,595:INFO:Preparing display monitor
2021-07-19 19:34:01,595:INFO:Preparing display monitor
2021-07-19 19:34:01,642:INFO:Initializing Logistic Regression
2021-07-19 19:34:01,642:INFO:Total runtime is 0.0 minutes
2021-07-19 19:34:01,655:INFO:SubProcess create_model() called ==================================
2021-07-19 19:34:01,656:INFO:Initializing create_model()
2021-07-19 19:34:01,656:INFO:create_model(estimator=lr, fold=StratifiedKFold(n_splits=10, random_state=None, shuffle=False), round=4, cross_validation=True, predict=True, fit_kwargs={}, groups=None, refit=False, verbose=False, system=False, metrics=None, display=<pycaret.internal.Display.Display object at 0x000001121D54DA30>, kwargs={})
2021-07-19 19:34:01,656:INFO:Checking exceptions
2021-07-19 19:34:01,656:INFO:Importing libraries
2021-07-19 19:34:01,656:INFO:Copying training dataset
2021-07-19 19:34:01,659:INFO:Defining folds
2021-07-19 19:34:01,659:INFO:Declaring metric variables
2021-07-19 19:34:01,674:INFO:Importing untrained model
2021-07-19 19:34:01,689:INFO:Logistic Regression Imported succesfully
2021-07-19 19:34:01,723:INFO:Starting cross validation
2021-07-19 19:34:01,725:INFO:Cross validating with StratifiedKFold(n_splits=10, random_state=None, shuffle=False), n_jobs=-1
2021-07-19 19:34:11,966:INFO:Calculating mean and std
2021-07-19 19:34:11,969:INFO:Creating metrics dataframe
2021-07-19 19:34:11,985:INFO:Uploading results into container
2021-07-19 19:34:11,985:INFO:Uploading model into container now
2021-07-19 19:34:11,986:INFO:create_model_container: 1
2021-07-19 19:34:11,987:INFO:master_model_container: 1
2021-07-19 19:34:11,987:INFO:display_container: 2
2021-07-19 19:34:11,990:INFO:LogisticRegression(C=1.0, class_weight=None, dual=False, fit_intercept=True,
                   intercept_scaling=1, l1_ratio=None, max_iter=1000,
                   multi_class='auto', n_jobs=None, penalty='l2',
                   random_state=952, solver='lbfgs', tol=0.0001, verbose=0,
                   warm_start=False)
2021-07-19 19:34:11,990:INFO:create_model() succesfully completed......................................
2021-07-19 19:34:12,135:INFO:SubProcess create_model() end ==================================
2021-07-19 19:34:12,135:INFO:Creating metrics dataframe
2021-07-19 19:34:12,168:INFO:Initializing K Neighbors Classifier
2021-07-19 19:34:12,168:INFO:Total runtime is 0.175440247853597 minutes
2021-07-19 19:34:12,187:INFO:SubProcess create_model() called ==================================
2021-07-19 19:34:12,188:INFO:Initializing create_model()
2021-07-19 19:34:12,188:INFO:create_model(estimator=knn, fold=StratifiedKFold(n_splits=10, random_state=None, shuffle=False), round=4, cross_validation=True, predict=True, fit_kwargs={}, groups=None, refit=False, verbose=False, system=False, metrics=None, display=<pycaret.internal.Display.Display object at 0x000001121D54DA30>, kwargs={})
2021-07-19 19:34:12,188:INFO:Checking exceptions
2021-07-19 19:34:12,188:INFO:Importing libraries
2021-07-19 19:34:12,188:INFO:Copying training dataset
2021-07-19 19:34:12,190:INFO:Defining folds
2021-07-19 19:34:12,191:INFO:Declaring metric variables
2021-07-19 19:34:12,201:INFO:Importing untrained model
2021-07-19 19:34:12,212:INFO:K Neighbors Classifier Imported succesfully
2021-07-19 19:34:12,246:INFO:Starting cross validation
2021-07-19 19:34:12,247:INFO:Cross validating with StratifiedKFold(n_splits=10, random_state=None, shuffle=False), n_jobs=-1
2021-07-19 19:34:13,975:INFO:Calculating mean and std
2021-07-19 19:34:13,976:INFO:Creating metrics dataframe
2021-07-19 19:34:13,985:INFO:Uploading results into container
2021-07-19 19:34:13,985:INFO:Uploading model into container now
2021-07-19 19:34:13,986:INFO:create_model_container: 2
2021-07-19 19:34:13,986:INFO:master_model_container: 2
2021-07-19 19:34:13,986:INFO:display_container: 2
2021-07-19 19:34:13,987:INFO:KNeighborsClassifier(algorithm='auto', leaf_size=30, metric='minkowski',
                     metric_params=None, n_jobs=-1, n_neighbors=5, p=2,
                     weights='uniform')
2021-07-19 19:34:13,987:INFO:create_model() succesfully completed......................................
2021-07-19 19:34:14,096:INFO:SubProcess create_model() end ==================================
2021-07-19 19:34:14,096:INFO:Creating metrics dataframe
2021-07-19 19:34:14,133:INFO:Initializing Naive Bayes
2021-07-19 19:34:14,133:INFO:Total runtime is 0.20817412535349528 minutes
2021-07-19 19:34:14,153:INFO:SubProcess create_model() called ==================================
2021-07-19 19:34:14,154:INFO:Initializing create_model()
2021-07-19 19:34:14,154:INFO:create_model(estimator=nb, fold=StratifiedKFold(n_splits=10, random_state=None, shuffle=False), round=4, cross_validation=True, predict=True, fit_kwargs={}, groups=None, refit=False, verbose=False, system=False, metrics=None, display=<pycaret.internal.Display.Display object at 0x000001121D54DA30>, kwargs={})
2021-07-19 19:34:14,155:INFO:Checking exceptions
2021-07-19 19:34:14,155:INFO:Importing libraries
2021-07-19 19:34:14,155:INFO:Copying training dataset
2021-07-19 19:34:14,157:INFO:Defining folds
2021-07-19 19:34:14,158:INFO:Declaring metric variables
2021-07-19 19:34:14,175:INFO:Importing untrained model
2021-07-19 19:34:14,190:INFO:Naive Bayes Imported succesfully
2021-07-19 19:34:14,218:INFO:Starting cross validation
2021-07-19 19:34:14,218:INFO:Cross validating with StratifiedKFold(n_splits=10, random_state=None, shuffle=False), n_jobs=-1
2021-07-19 19:34:14,503:INFO:Calculating mean and std
2021-07-19 19:34:14,504:INFO:Creating metrics dataframe
2021-07-19 19:34:14,513:INFO:Uploading results into container
2021-07-19 19:34:14,514:INFO:Uploading model into container now
2021-07-19 19:34:14,514:INFO:create_model_container: 3
2021-07-19 19:34:14,514:INFO:master_model_container: 3
2021-07-19 19:34:14,514:INFO:display_container: 2
2021-07-19 19:34:14,515:INFO:GaussianNB(priors=None, var_smoothing=1e-09)
2021-07-19 19:34:14,515:INFO:create_model() succesfully completed......................................
2021-07-19 19:34:14,618:INFO:SubProcess create_model() end ==================================
2021-07-19 19:34:14,619:INFO:Creating metrics dataframe
2021-07-19 19:34:14,660:INFO:Initializing Decision Tree Classifier
2021-07-19 19:34:14,661:INFO:Total runtime is 0.21698069969813027 minutes
2021-07-19 19:34:14,678:INFO:SubProcess create_model() called ==================================
2021-07-19 19:34:14,679:INFO:Initializing create_model()
2021-07-19 19:34:14,679:INFO:create_model(estimator=dt, fold=StratifiedKFold(n_splits=10, random_state=None, shuffle=False), round=4, cross_validation=True, predict=True, fit_kwargs={}, groups=None, refit=False, verbose=False, system=False, metrics=None, display=<pycaret.internal.Display.Display object at 0x000001121D54DA30>, kwargs={})
2021-07-19 19:34:14,679:INFO:Checking exceptions
2021-07-19 19:34:14,679:INFO:Importing libraries
2021-07-19 19:34:14,680:INFO:Copying training dataset
2021-07-19 19:34:14,682:INFO:Defining folds
2021-07-19 19:34:14,682:INFO:Declaring metric variables
2021-07-19 19:34:14,703:INFO:Importing untrained model
2021-07-19 19:34:14,718:INFO:Decision Tree Classifier Imported succesfully
2021-07-19 19:34:14,771:INFO:Starting cross validation
2021-07-19 19:34:14,772:INFO:Cross validating with StratifiedKFold(n_splits=10, random_state=None, shuffle=False), n_jobs=-1
2021-07-19 19:34:15,419:INFO:Calculating mean and std
2021-07-19 19:34:15,422:INFO:Creating metrics dataframe
2021-07-19 19:34:15,439:INFO:Uploading results into container
2021-07-19 19:34:15,440:INFO:Uploading model into container now
2021-07-19 19:34:15,440:INFO:create_model_container: 4
2021-07-19 19:34:15,441:INFO:master_model_container: 4
2021-07-19 19:34:15,442:INFO:display_container: 2
2021-07-19 19:34:15,444:INFO:DecisionTreeClassifier(ccp_alpha=0.0, class_weight=None, criterion='gini',
                       max_depth=None, max_features=None, max_leaf_nodes=None,
                       min_impurity_decrease=0.0, min_impurity_split=None,
                       min_samples_leaf=1, min_samples_split=2,
                       min_weight_fraction_leaf=0.0, presort='deprecated',
                       random_state=952, splitter='best')
2021-07-19 19:34:15,445:INFO:create_model() succesfully completed......................................
2021-07-19 19:34:15,637:INFO:SubProcess create_model() end ==================================
2021-07-19 19:34:15,638:INFO:Creating metrics dataframe
2021-07-19 19:34:15,681:INFO:Initializing SVM - Linear Kernel
2021-07-19 19:34:15,681:INFO:Total runtime is 0.2339896519978841 minutes
2021-07-19 19:34:15,696:INFO:SubProcess create_model() called ==================================
2021-07-19 19:34:15,697:INFO:Initializing create_model()
2021-07-19 19:34:15,697:INFO:create_model(estimator=svm, fold=StratifiedKFold(n_splits=10, random_state=None, shuffle=False), round=4, cross_validation=True, predict=True, fit_kwargs={}, groups=None, refit=False, verbose=False, system=False, metrics=None, display=<pycaret.internal.Display.Display object at 0x000001121D54DA30>, kwargs={})
2021-07-19 19:34:15,697:INFO:Checking exceptions
2021-07-19 19:34:15,697:INFO:Importing libraries
2021-07-19 19:34:15,698:INFO:Copying training dataset
2021-07-19 19:34:15,700:INFO:Defining folds
2021-07-19 19:34:15,700:INFO:Declaring metric variables
2021-07-19 19:34:15,718:INFO:Importing untrained model
2021-07-19 19:34:15,737:INFO:SVM - Linear Kernel Imported succesfully
2021-07-19 19:34:15,778:INFO:Starting cross validation
2021-07-19 19:34:15,781:INFO:Cross validating with StratifiedKFold(n_splits=10, random_state=None, shuffle=False), n_jobs=-1
2021-07-19 19:34:16,271:INFO:Calculating mean and std
2021-07-19 19:34:16,275:INFO:Creating metrics dataframe
2021-07-19 19:34:16,298:INFO:Uploading results into container
2021-07-19 19:34:16,299:INFO:Uploading model into container now
2021-07-19 19:34:16,299:INFO:create_model_container: 5
2021-07-19 19:34:16,300:INFO:master_model_container: 5
2021-07-19 19:34:16,300:INFO:display_container: 2
2021-07-19 19:34:16,303:INFO:SGDClassifier(alpha=0.0001, average=False, class_weight=None,
              early_stopping=False, epsilon=0.1, eta0=0.001, fit_intercept=True,
              l1_ratio=0.15, learning_rate='optimal', loss='hinge',
              max_iter=1000, n_iter_no_change=5, n_jobs=-1, penalty='l2',
              power_t=0.5, random_state=952, shuffle=True, tol=0.001,
              validation_fraction=0.1, verbose=0, warm_start=False)
2021-07-19 19:34:16,305:INFO:create_model() succesfully completed......................................
2021-07-19 19:34:16,440:INFO:SubProcess create_model() end ==================================
2021-07-19 19:34:16,440:INFO:Creating metrics dataframe
2021-07-19 19:34:16,477:INFO:Initializing Ridge Classifier
2021-07-19 19:34:16,478:INFO:Total runtime is 0.24725839296976723 minutes
2021-07-19 19:34:16,495:INFO:SubProcess create_model() called ==================================
2021-07-19 19:34:16,496:INFO:Initializing create_model()
2021-07-19 19:34:16,496:INFO:create_model(estimator=ridge, fold=StratifiedKFold(n_splits=10, random_state=None, shuffle=False), round=4, cross_validation=True, predict=True, fit_kwargs={}, groups=None, refit=False, verbose=False, system=False, metrics=None, display=<pycaret.internal.Display.Display object at 0x000001121D54DA30>, kwargs={})
2021-07-19 19:34:16,496:INFO:Checking exceptions
2021-07-19 19:34:16,496:INFO:Importing libraries
2021-07-19 19:34:16,496:INFO:Copying training dataset
2021-07-19 19:34:16,499:INFO:Defining folds
2021-07-19 19:34:16,499:INFO:Declaring metric variables
2021-07-19 19:34:16,511:INFO:Importing untrained model
2021-07-19 19:34:16,525:INFO:Ridge Classifier Imported succesfully
2021-07-19 19:34:16,557:INFO:Starting cross validation
2021-07-19 19:34:16,559:INFO:Cross validating with StratifiedKFold(n_splits=10, random_state=None, shuffle=False), n_jobs=-1
2021-07-19 19:34:16,863:INFO:Calculating mean and std
2021-07-19 19:34:16,864:INFO:Creating metrics dataframe
2021-07-19 19:34:16,874:INFO:Uploading results into container
2021-07-19 19:34:16,874:INFO:Uploading model into container now
2021-07-19 19:34:16,874:INFO:create_model_container: 6
2021-07-19 19:34:16,874:INFO:master_model_container: 6
2021-07-19 19:34:16,875:INFO:display_container: 2
2021-07-19 19:34:16,876:INFO:RidgeClassifier(alpha=1.0, class_weight=None, copy_X=True, fit_intercept=True,
                max_iter=None, normalize=False, random_state=952, solver='auto',
                tol=0.001)
2021-07-19 19:34:16,876:INFO:create_model() succesfully completed......................................
2021-07-19 19:34:16,973:INFO:SubProcess create_model() end ==================================
2021-07-19 19:34:16,973:INFO:Creating metrics dataframe
2021-07-19 19:34:17,014:INFO:Initializing Random Forest Classifier
2021-07-19 19:34:17,015:INFO:Total runtime is 0.2562161048253377 minutes
2021-07-19 19:34:17,034:INFO:SubProcess create_model() called ==================================
2021-07-19 19:34:17,035:INFO:Initializing create_model()
2021-07-19 19:34:17,035:INFO:create_model(estimator=rf, fold=StratifiedKFold(n_splits=10, random_state=None, shuffle=False), round=4, cross_validation=True, predict=True, fit_kwargs={}, groups=None, refit=False, verbose=False, system=False, metrics=None, display=<pycaret.internal.Display.Display object at 0x000001121D54DA30>, kwargs={})
2021-07-19 19:34:17,035:INFO:Checking exceptions
2021-07-19 19:34:17,036:INFO:Importing libraries
2021-07-19 19:34:17,036:INFO:Copying training dataset
2021-07-19 19:34:17,039:INFO:Defining folds
2021-07-19 19:34:17,039:INFO:Declaring metric variables
2021-07-19 19:34:17,059:INFO:Importing untrained model
2021-07-19 19:34:17,080:INFO:Random Forest Classifier Imported succesfully
2021-07-19 19:34:17,122:INFO:Starting cross validation
2021-07-19 19:34:17,123:INFO:Cross validating with StratifiedKFold(n_splits=10, random_state=None, shuffle=False), n_jobs=-1
2021-07-19 19:34:22,202:INFO:Calculating mean and std
2021-07-19 19:34:22,204:INFO:Creating metrics dataframe
2021-07-19 19:34:22,213:INFO:Uploading results into container
2021-07-19 19:34:22,213:INFO:Uploading model into container now
2021-07-19 19:34:22,214:INFO:create_model_container: 7
2021-07-19 19:34:22,214:INFO:master_model_container: 7
2021-07-19 19:34:22,215:INFO:display_container: 2
2021-07-19 19:34:22,217:INFO:RandomForestClassifier(bootstrap=True, ccp_alpha=0.0, class_weight=None,
                       criterion='gini', max_depth=None, max_features='auto',
                       max_leaf_nodes=None, max_samples=None,
                       min_impurity_decrease=0.0, min_impurity_split=None,
                       min_samples_leaf=1, min_samples_split=2,
                       min_weight_fraction_leaf=0.0, n_estimators=100,
                       n_jobs=-1, oob_score=False, random_state=952, verbose=0,
                       warm_start=False)
2021-07-19 19:34:22,218:INFO:create_model() succesfully completed......................................
2021-07-19 19:34:22,373:INFO:SubProcess create_model() end ==================================
2021-07-19 19:34:22,373:INFO:Creating metrics dataframe
2021-07-19 19:34:22,416:INFO:Initializing Quadratic Discriminant Analysis
2021-07-19 19:34:22,417:INFO:Total runtime is 0.3462502241134643 minutes
2021-07-19 19:34:22,433:INFO:SubProcess create_model() called ==================================
2021-07-19 19:34:22,434:INFO:Initializing create_model()
2021-07-19 19:34:22,434:INFO:create_model(estimator=qda, fold=StratifiedKFold(n_splits=10, random_state=None, shuffle=False), round=4, cross_validation=True, predict=True, fit_kwargs={}, groups=None, refit=False, verbose=False, system=False, metrics=None, display=<pycaret.internal.Display.Display object at 0x000001121D54DA30>, kwargs={})
2021-07-19 19:34:22,435:INFO:Checking exceptions
2021-07-19 19:34:22,435:INFO:Importing libraries
2021-07-19 19:34:22,435:INFO:Copying training dataset
2021-07-19 19:34:22,437:INFO:Defining folds
2021-07-19 19:34:22,437:INFO:Declaring metric variables
2021-07-19 19:34:22,447:INFO:Importing untrained model
2021-07-19 19:34:22,458:INFO:Quadratic Discriminant Analysis Imported succesfully
2021-07-19 19:34:22,486:INFO:Starting cross validation
2021-07-19 19:34:22,488:INFO:Cross validating with StratifiedKFold(n_splits=10, random_state=None, shuffle=False), n_jobs=-1
2021-07-19 19:34:22,946:INFO:Calculating mean and std
2021-07-19 19:34:22,947:INFO:Creating metrics dataframe
2021-07-19 19:34:22,957:INFO:Uploading results into container
2021-07-19 19:34:22,957:INFO:Uploading model into container now
2021-07-19 19:34:22,957:INFO:create_model_container: 8
2021-07-19 19:34:22,957:INFO:master_model_container: 8
2021-07-19 19:34:22,958:INFO:display_container: 2
2021-07-19 19:34:22,958:INFO:QuadraticDiscriminantAnalysis(priors=None, reg_param=0.0,
                              store_covariance=False, tol=0.0001)
2021-07-19 19:34:22,958:INFO:create_model() succesfully completed......................................
2021-07-19 19:34:23,058:INFO:SubProcess create_model() end ==================================
2021-07-19 19:34:23,058:INFO:Creating metrics dataframe
2021-07-19 19:34:23,083:INFO:Initializing Ada Boost Classifier
2021-07-19 19:34:23,083:INFO:Total runtime is 0.35735140244166047 minutes
2021-07-19 19:34:23,095:INFO:SubProcess create_model() called ==================================
2021-07-19 19:34:23,095:INFO:Initializing create_model()
2021-07-19 19:34:23,095:INFO:create_model(estimator=ada, fold=StratifiedKFold(n_splits=10, random_state=None, shuffle=False), round=4, cross_validation=True, predict=True, fit_kwargs={}, groups=None, refit=False, verbose=False, system=False, metrics=None, display=<pycaret.internal.Display.Display object at 0x000001121D54DA30>, kwargs={})
2021-07-19 19:34:23,095:INFO:Checking exceptions
2021-07-19 19:34:23,095:INFO:Importing libraries
2021-07-19 19:34:23,096:INFO:Copying training dataset
2021-07-19 19:34:23,098:INFO:Defining folds
2021-07-19 19:34:23,098:INFO:Declaring metric variables
2021-07-19 19:34:23,110:INFO:Importing untrained model
2021-07-19 19:34:23,126:INFO:Ada Boost Classifier Imported succesfully
2021-07-19 19:34:23,163:INFO:Starting cross validation
2021-07-19 19:34:23,164:INFO:Cross validating with StratifiedKFold(n_splits=10, random_state=None, shuffle=False), n_jobs=-1
2021-07-19 19:34:26,894:INFO:Calculating mean and std
2021-07-19 19:34:26,897:INFO:Creating metrics dataframe
2021-07-19 19:34:26,913:INFO:Uploading results into container
2021-07-19 19:34:26,914:INFO:Uploading model into container now
2021-07-19 19:34:26,915:INFO:create_model_container: 9
2021-07-19 19:34:26,916:INFO:master_model_container: 9
2021-07-19 19:34:26,916:INFO:display_container: 2
2021-07-19 19:34:26,917:INFO:AdaBoostClassifier(algorithm='SAMME.R', base_estimator=None, learning_rate=1.0,
                   n_estimators=50, random_state=952)
2021-07-19 19:34:26,917:INFO:create_model() succesfully completed......................................
2021-07-19 19:34:27,051:INFO:SubProcess create_model() end ==================================
2021-07-19 19:34:27,052:INFO:Creating metrics dataframe
2021-07-19 19:34:27,095:INFO:Initializing Gradient Boosting Classifier
2021-07-19 19:34:27,095:INFO:Total runtime is 0.4242081920305887 minutes
2021-07-19 19:34:27,112:INFO:SubProcess create_model() called ==================================
2021-07-19 19:34:27,113:INFO:Initializing create_model()
2021-07-19 19:34:27,113:INFO:create_model(estimator=gbc, fold=StratifiedKFold(n_splits=10, random_state=None, shuffle=False), round=4, cross_validation=True, predict=True, fit_kwargs={}, groups=None, refit=False, verbose=False, system=False, metrics=None, display=<pycaret.internal.Display.Display object at 0x000001121D54DA30>, kwargs={})
2021-07-19 19:34:27,113:INFO:Checking exceptions
2021-07-19 19:34:27,113:INFO:Importing libraries
2021-07-19 19:34:27,113:INFO:Copying training dataset
2021-07-19 19:34:27,116:INFO:Defining folds
2021-07-19 19:34:27,116:INFO:Declaring metric variables
2021-07-19 19:34:27,126:INFO:Importing untrained model
2021-07-19 19:34:27,139:INFO:Gradient Boosting Classifier Imported succesfully
2021-07-19 19:34:27,168:INFO:Starting cross validation
2021-07-19 19:34:27,169:INFO:Cross validating with StratifiedKFold(n_splits=10, random_state=None, shuffle=False), n_jobs=-1
2021-07-19 19:34:41,401:INFO:Calculating mean and std
2021-07-19 19:34:41,403:INFO:Creating metrics dataframe
2021-07-19 19:34:41,413:INFO:Uploading results into container
2021-07-19 19:34:41,413:INFO:Uploading model into container now
2021-07-19 19:34:41,414:INFO:create_model_container: 10
2021-07-19 19:34:41,414:INFO:master_model_container: 10
2021-07-19 19:34:41,414:INFO:display_container: 2
2021-07-19 19:34:41,416:INFO:GradientBoostingClassifier(ccp_alpha=0.0, criterion='friedman_mse', init=None,
                           learning_rate=0.1, loss='deviance', max_depth=3,
                           max_features=None, max_leaf_nodes=None,
                           min_impurity_decrease=0.0, min_impurity_split=None,
                           min_samples_leaf=1, min_samples_split=2,
                           min_weight_fraction_leaf=0.0, n_estimators=100,
                           n_iter_no_change=None, presort='deprecated',
                           random_state=952, subsample=1.0, tol=0.0001,
                           validation_fraction=0.1, verbose=0,
                           warm_start=False)
2021-07-19 19:34:41,416:INFO:create_model() succesfully completed......................................
2021-07-19 19:34:41,539:INFO:SubProcess create_model() end ==================================
2021-07-19 19:34:41,540:INFO:Creating metrics dataframe
2021-07-19 19:34:41,662:INFO:Initializing Linear Discriminant Analysis
2021-07-19 19:34:41,663:INFO:Total runtime is 0.6669940948486327 minutes
2021-07-19 19:34:41,688:INFO:SubProcess create_model() called ==================================
2021-07-19 19:34:41,689:INFO:Initializing create_model()
2021-07-19 19:34:41,689:INFO:create_model(estimator=lda, fold=StratifiedKFold(n_splits=10, random_state=None, shuffle=False), round=4, cross_validation=True, predict=True, fit_kwargs={}, groups=None, refit=False, verbose=False, system=False, metrics=None, display=<pycaret.internal.Display.Display object at 0x000001121D54DA30>, kwargs={})
2021-07-19 19:34:41,690:INFO:Checking exceptions
2021-07-19 19:34:41,690:INFO:Importing libraries
2021-07-19 19:34:41,691:INFO:Copying training dataset
2021-07-19 19:34:41,695:INFO:Defining folds
2021-07-19 19:34:41,695:INFO:Declaring metric variables
2021-07-19 19:34:41,717:INFO:Importing untrained model
2021-07-19 19:34:41,744:INFO:Linear Discriminant Analysis Imported succesfully
2021-07-19 19:34:41,790:INFO:Starting cross validation
2021-07-19 19:34:41,791:INFO:Cross validating with StratifiedKFold(n_splits=10, random_state=None, shuffle=False), n_jobs=-1
2021-07-19 19:34:42,675:INFO:Calculating mean and std
2021-07-19 19:34:42,677:INFO:Creating metrics dataframe
2021-07-19 19:34:42,686:INFO:Uploading results into container
2021-07-19 19:34:42,687:INFO:Uploading model into container now
2021-07-19 19:34:42,687:INFO:create_model_container: 11
2021-07-19 19:34:42,688:INFO:master_model_container: 11
2021-07-19 19:34:42,688:INFO:display_container: 2
2021-07-19 19:34:42,688:INFO:LinearDiscriminantAnalysis(n_components=None, priors=None, shrinkage=None,
                           solver='svd', store_covariance=False, tol=0.0001)
2021-07-19 19:34:42,689:INFO:create_model() succesfully completed......................................
2021-07-19 19:34:42,792:INFO:SubProcess create_model() end ==================================
2021-07-19 19:34:42,792:INFO:Creating metrics dataframe
2021-07-19 19:34:42,918:INFO:Initializing Extra Trees Classifier
2021-07-19 19:34:42,919:INFO:Total runtime is 0.6879500071207681 minutes
2021-07-19 19:34:42,971:INFO:SubProcess create_model() called ==================================
2021-07-19 19:34:42,974:INFO:Initializing create_model()
2021-07-19 19:34:42,975:INFO:create_model(estimator=et, fold=StratifiedKFold(n_splits=10, random_state=None, shuffle=False), round=4, cross_validation=True, predict=True, fit_kwargs={}, groups=None, refit=False, verbose=False, system=False, metrics=None, display=<pycaret.internal.Display.Display object at 0x000001121D54DA30>, kwargs={})
2021-07-19 19:34:42,975:INFO:Checking exceptions
2021-07-19 19:34:42,976:INFO:Importing libraries
2021-07-19 19:34:42,976:INFO:Copying training dataset
2021-07-19 19:34:42,984:INFO:Defining folds
2021-07-19 19:34:42,985:INFO:Declaring metric variables
2021-07-19 19:34:43,037:INFO:Importing untrained model
2021-07-19 19:34:43,097:INFO:Extra Trees Classifier Imported succesfully
2021-07-19 19:34:43,170:INFO:Starting cross validation
2021-07-19 19:34:43,173:INFO:Cross validating with StratifiedKFold(n_splits=10, random_state=None, shuffle=False), n_jobs=-1
2021-07-19 19:34:48,516:INFO:Calculating mean and std
2021-07-19 19:34:48,517:INFO:Creating metrics dataframe
2021-07-19 19:34:48,526:INFO:Uploading results into container
2021-07-19 19:34:48,526:INFO:Uploading model into container now
2021-07-19 19:34:48,526:INFO:create_model_container: 12
2021-07-19 19:34:48,526:INFO:master_model_container: 12
2021-07-19 19:34:48,527:INFO:display_container: 2
2021-07-19 19:34:48,528:INFO:ExtraTreesClassifier(bootstrap=False, ccp_alpha=0.0, class_weight=None,
                     criterion='gini', max_depth=None, max_features='auto',
                     max_leaf_nodes=None, max_samples=None,
                     min_impurity_decrease=0.0, min_impurity_split=None,
                     min_samples_leaf=1, min_samples_split=2,
                     min_weight_fraction_leaf=0.0, n_estimators=100, n_jobs=-1,
                     oob_score=False, random_state=952, verbose=0,
                     warm_start=False)
2021-07-19 19:34:48,528:INFO:create_model() succesfully completed......................................
2021-07-19 19:34:48,624:INFO:SubProcess create_model() end ==================================
2021-07-19 19:34:48,624:INFO:Creating metrics dataframe
2021-07-19 19:34:48,668:INFO:Initializing Extreme Gradient Boosting
2021-07-19 19:34:48,668:INFO:Total runtime is 0.7837596694628397 minutes
2021-07-19 19:34:48,690:INFO:SubProcess create_model() called ==================================
2021-07-19 19:34:48,691:INFO:Initializing create_model()
2021-07-19 19:34:48,691:INFO:create_model(estimator=xgboost, fold=StratifiedKFold(n_splits=10, random_state=None, shuffle=False), round=4, cross_validation=True, predict=True, fit_kwargs={}, groups=None, refit=False, verbose=False, system=False, metrics=None, display=<pycaret.internal.Display.Display object at 0x000001121D54DA30>, kwargs={})
2021-07-19 19:34:48,691:INFO:Checking exceptions
2021-07-19 19:34:48,692:INFO:Importing libraries
2021-07-19 19:34:48,692:INFO:Copying training dataset
2021-07-19 19:34:48,695:INFO:Defining folds
2021-07-19 19:34:48,696:INFO:Declaring metric variables
2021-07-19 19:34:48,716:INFO:Importing untrained model
2021-07-19 19:34:48,737:INFO:Extreme Gradient Boosting Imported succesfully
2021-07-19 19:34:48,783:INFO:Starting cross validation
2021-07-19 19:34:48,790:INFO:Cross validating with StratifiedKFold(n_splits=10, random_state=None, shuffle=False), n_jobs=-1
2021-07-19 19:35:07,292:INFO:Calculating mean and std
2021-07-19 19:35:07,295:INFO:Creating metrics dataframe
2021-07-19 19:35:07,310:INFO:Uploading results into container
2021-07-19 19:35:07,310:INFO:Uploading model into container now
2021-07-19 19:35:07,310:INFO:create_model_container: 13
2021-07-19 19:35:07,311:INFO:master_model_container: 13
2021-07-19 19:35:07,311:INFO:display_container: 2
2021-07-19 19:35:07,314:INFO:XGBClassifier(base_score=None, booster='gbtree', colsample_bylevel=None,
              colsample_bynode=None, colsample_bytree=None, gamma=None,
              gpu_id=None, importance_type='gain', interaction_constraints=None,
              learning_rate=None, max_delta_step=None, max_depth=None,
              min_child_weight=None, missing=nan, monotone_constraints=None,
              n_estimators=100, n_jobs=-1, num_parallel_tree=None,
              objective='binary:logistic', random_state=952, reg_alpha=None,
              reg_lambda=None, scale_pos_weight=None, subsample=None,
              tree_method='auto', use_label_encoder=True,
              validate_parameters=None, verbosity=0)
2021-07-19 19:35:07,315:INFO:create_model() succesfully completed......................................
2021-07-19 19:35:07,441:INFO:SubProcess create_model() end ==================================
2021-07-19 19:35:07,442:INFO:Creating metrics dataframe
2021-07-19 19:35:07,517:INFO:Initializing Light Gradient Boosting Machine
2021-07-19 19:35:07,517:INFO:Total runtime is 1.09790807167689 minutes
2021-07-19 19:35:07,541:INFO:SubProcess create_model() called ==================================
2021-07-19 19:35:07,542:INFO:Initializing create_model()
2021-07-19 19:35:07,542:INFO:create_model(estimator=lightgbm, fold=StratifiedKFold(n_splits=10, random_state=None, shuffle=False), round=4, cross_validation=True, predict=True, fit_kwargs={}, groups=None, refit=False, verbose=False, system=False, metrics=None, display=<pycaret.internal.Display.Display object at 0x000001121D54DA30>, kwargs={})
2021-07-19 19:35:07,543:INFO:Checking exceptions
2021-07-19 19:35:07,543:INFO:Importing libraries
2021-07-19 19:35:07,543:INFO:Copying training dataset
2021-07-19 19:35:07,546:INFO:Defining folds
2021-07-19 19:35:07,547:INFO:Declaring metric variables
2021-07-19 19:35:07,575:INFO:Importing untrained model
2021-07-19 19:35:07,605:INFO:Light Gradient Boosting Machine Imported succesfully
2021-07-19 19:35:07,667:INFO:Starting cross validation
2021-07-19 19:35:07,669:INFO:Cross validating with StratifiedKFold(n_splits=10, random_state=None, shuffle=False), n_jobs=-1
2021-07-19 19:35:17,442:INFO:Calculating mean and std
2021-07-19 19:35:17,448:INFO:Creating metrics dataframe
2021-07-19 19:35:17,470:INFO:Uploading results into container
2021-07-19 19:35:17,471:INFO:Uploading model into container now
2021-07-19 19:35:17,471:INFO:create_model_container: 14
2021-07-19 19:35:17,471:INFO:master_model_container: 14
2021-07-19 19:35:17,472:INFO:display_container: 2
2021-07-19 19:35:17,474:INFO:LGBMClassifier(boosting_type='gbdt', class_weight=None, colsample_bytree=1.0,
               importance_type='split', learning_rate=0.1, max_depth=-1,
               min_child_samples=20, min_child_weight=0.001, min_split_gain=0.0,
               n_estimators=100, n_jobs=-1, num_leaves=31, objective=None,
               random_state=952, reg_alpha=0.0, reg_lambda=0.0, silent=True,
               subsample=1.0, subsample_for_bin=200000, subsample_freq=0)
2021-07-19 19:35:17,475:INFO:create_model() succesfully completed......................................
2021-07-19 19:35:17,680:INFO:SubProcess create_model() end ==================================
2021-07-19 19:35:17,681:INFO:Creating metrics dataframe
2021-07-19 19:35:17,787:INFO:Initializing CatBoost Classifier
2021-07-19 19:35:17,788:INFO:Total runtime is 1.2690975189208984 minutes
2021-07-19 19:35:17,827:INFO:SubProcess create_model() called ==================================
2021-07-19 19:35:17,827:INFO:Initializing create_model()
2021-07-19 19:35:17,827:INFO:create_model(estimator=catboost, fold=StratifiedKFold(n_splits=10, random_state=None, shuffle=False), round=4, cross_validation=True, predict=True, fit_kwargs={}, groups=None, refit=False, verbose=False, system=False, metrics=None, display=<pycaret.internal.Display.Display object at 0x000001121D54DA30>, kwargs={})
2021-07-19 19:35:17,828:INFO:Checking exceptions
2021-07-19 19:35:17,828:INFO:Importing libraries
2021-07-19 19:35:17,829:INFO:Copying training dataset
2021-07-19 19:35:17,834:INFO:Defining folds
2021-07-19 19:35:17,834:INFO:Declaring metric variables
2021-07-19 19:35:17,872:INFO:Importing untrained model
2021-07-19 19:35:17,906:INFO:CatBoost Classifier Imported succesfully
2021-07-19 19:35:17,969:INFO:Starting cross validation
2021-07-19 19:35:17,977:INFO:Cross validating with StratifiedKFold(n_splits=10, random_state=None, shuffle=False), n_jobs=-1
2021-07-19 19:36:31,737:INFO:Calculating mean and std
2021-07-19 19:36:31,739:INFO:Creating metrics dataframe
2021-07-19 19:36:31,748:INFO:Uploading results into container
2021-07-19 19:36:31,748:INFO:Uploading model into container now
2021-07-19 19:36:31,749:INFO:create_model_container: 15
2021-07-19 19:36:31,749:INFO:master_model_container: 15
2021-07-19 19:36:31,749:INFO:display_container: 2
2021-07-19 19:36:31,749:INFO:<catboost.core.CatBoostClassifier object at 0x000001121E5F98B0>
2021-07-19 19:36:31,750:INFO:create_model() succesfully completed......................................
2021-07-19 19:36:31,893:INFO:SubProcess create_model() end ==================================
2021-07-19 19:36:31,893:INFO:Creating metrics dataframe
2021-07-19 19:36:32,058:INFO:Initializing create_model()
2021-07-19 19:36:32,058:INFO:create_model(estimator=<catboost.core.CatBoostClassifier object at 0x000001121E5F98B0>, fold=StratifiedKFold(n_splits=10, random_state=None, shuffle=False), round=4, cross_validation=False, predict=False, fit_kwargs={}, groups=None, refit=True, verbose=False, system=False, metrics=None, display=None, kwargs={})
2021-07-19 19:36:32,059:INFO:Checking exceptions
2021-07-19 19:36:32,060:INFO:Importing libraries
2021-07-19 19:36:32,060:INFO:Copying training dataset
2021-07-19 19:36:32,062:INFO:Defining folds
2021-07-19 19:36:32,063:INFO:Declaring metric variables
2021-07-19 19:36:32,063:INFO:Importing untrained model
2021-07-19 19:36:32,063:INFO:Declaring custom model
2021-07-19 19:36:32,064:INFO:CatBoost Classifier Imported succesfully
2021-07-19 19:36:32,065:INFO:Cross validation set to False
2021-07-19 19:36:32,065:INFO:Fitting Model
2021-07-19 19:36:45,809:INFO:<catboost.core.CatBoostClassifier object at 0x000001121E5F12B0>
2021-07-19 19:36:45,809:INFO:create_models() succesfully completed......................................
2021-07-19 19:36:46,096:INFO:create_model_container: 15
2021-07-19 19:36:46,096:INFO:master_model_container: 15
2021-07-19 19:36:46,097:INFO:display_container: 2
2021-07-19 19:36:46,097:INFO:<catboost.core.CatBoostClassifier object at 0x000001121E5F12B0>
2021-07-19 19:36:46,097:INFO:compare_models() succesfully completed......................................
2021-07-19 19:36:46,118:INFO:Initializing plot_model()
2021-07-19 19:36:46,118:INFO:plot_model(plot=feature, fold=None, use_train_data=False, verbose=True, is_in_evaluate=False, display=None, display_format=None, estimator=<catboost.core.CatBoostClassifier object at 0x000001121E5F12B0>, feature_name=None, fit_kwargs=None, groups=None, label=False, save=False, scale=1, system=True)
2021-07-19 19:36:46,118:INFO:Checking exceptions
2021-07-19 19:36:46,122:INFO:Preparing display monitor
2021-07-19 19:36:46,148:INFO:Preloading libraries
2021-07-19 19:36:46,159:INFO:Copying training dataset
2021-07-19 19:36:46,161:INFO:Copying test dataset
2021-07-19 19:36:46,163:INFO:Plot type: feature
2021-07-19 19:36:46,374:WARNING:No coef_ found. Trying feature_importances_
2021-07-19 19:36:47,044:INFO:Visual Rendered Successfully
2021-07-19 19:36:47,177:INFO:plot_model() succesfully completed......................................
2021-07-19 19:37:16,481:INFO:Initializing plot_model()
2021-07-19 19:37:16,482:INFO:plot_model(plot=confusion_matrix, fold=None, use_train_data=False, verbose=True, is_in_evaluate=False, display=None, display_format=None, estimator=<catboost.core.CatBoostClassifier object at 0x000001121E5F12B0>, feature_name=None, fit_kwargs=None, groups=None, label=False, save=False, scale=1, system=True)
2021-07-19 19:37:16,483:INFO:Checking exceptions
2021-07-19 19:37:16,490:INFO:Preparing display monitor
2021-07-19 19:37:16,525:INFO:Preloading libraries
2021-07-19 19:37:16,534:INFO:Copying training dataset
2021-07-19 19:37:16,536:INFO:Copying test dataset
2021-07-19 19:37:16,538:INFO:Plot type: confusion_matrix
2021-07-19 19:37:16,546:INFO:Fitting Model
2021-07-19 19:37:16,566:INFO:Scoring test/hold-out set
2021-07-19 19:37:17,055:INFO:Visual Rendered Successfully
2021-07-19 19:37:17,161:INFO:plot_model() succesfully completed......................................
2021-07-19 19:42:12,729:INFO:Initializing plot_model()
2021-07-19 19:42:12,730:INFO:plot_model(plot=auc, fold=None, use_train_data=False, verbose=True, is_in_evaluate=False, display=None, display_format=None, estimator=<catboost.core.CatBoostClassifier object at 0x000001121E5F12B0>, feature_name=None, fit_kwargs=None, groups=None, label=False, save=False, scale=1, system=True)
2021-07-19 19:42:12,730:INFO:Checking exceptions
2021-07-19 19:42:12,735:INFO:Preparing display monitor
2021-07-19 19:42:12,754:INFO:Preloading libraries
2021-07-19 19:42:12,761:INFO:Copying training dataset
2021-07-19 19:42:12,763:INFO:Copying test dataset
2021-07-19 19:42:12,763:INFO:Plot type: auc
2021-07-19 19:42:12,769:INFO:Fitting Model
2021-07-19 19:42:12,776:INFO:Scoring test/hold-out set
2021-07-19 19:42:13,482:INFO:Visual Rendered Successfully
2021-07-19 19:42:13,704:INFO:plot_model() succesfully completed......................................
